<?xml version="1.0" encoding="UTF-8"?>
<!-- Generated by org.testng.reporters.JUnitReportReporter -->
<testsuite hostname="Sabbir" failures="0" tests="8" name="org.bd.daraz.darazHome" time="185.437" errors="0" timestamp="2022-09-03T21:03:14 BDT" skipped="0">
  <testcase classname="org.bd.daraz.darazHome" name="openurl" time="18.774"/>
  <system-out/>
  <testcase classname="org.bd.daraz.darazHome" name="login" time="18.015"/>
  <system-out/>
  <testcase classname="org.bd.daraz.darazHome" name="logininfo" time="5.374"/>
  <system-out/>
  <testcase classname="org.bd.daraz.darazHome" name="searchproduct" time="31.233"/>
  <system-out/>
  <testcase classname="org.bd.daraz.darazHome" name="pricedropdown" time="8.710"/>
  <system-out/>
  <testcase classname="org.bd.daraz.darazHome" name="selectproduct" time="16.905"/>
  <system-out/>
  <testcase classname="org.bd.daraz.darazHome" name="cartproduct" time="52.127"/>
  <system-out/>
  <testcase classname="org.bd.daraz.darazHome" name="darazmart" time="34.299"/>
  <system-out/>
</testsuite> <!-- org.bd.daraz.darazHome -->
