<?xml version="1.0" encoding="UTF-8"?>
<!-- Generated by org.testng.reporters.JUnitReportReporter -->
<testsuite hostname="DESKTOP-PLB89U6" failures="0" tests="2" name="tests.BookSelection" time="92.742" errors="0" timestamp="2022-10-28T19:47:18 BDT" skipped="0">
  <testcase classname="tests.BookSelection" name="ClickOnbook" time="40.146"/>
  <system-out/>
  <testcase classname="tests.BookSelection" name="ClickOncart" time="52.596"/>
  <system-out/>
</testsuite> <!-- tests.BookSelection -->
