<?xml version="1.0" encoding="UTF-8"?>
<!-- Generated by org.testng.reporters.JUnitReportReporter -->
<testsuite hostname="DESKTOP-PLB89U6" failures="0" tests="1" name="tests.Checkoutprocess" time="41.387" errors="0" timestamp="2022-10-28T19:47:18 BDT" skipped="0">
  <testcase classname="tests.Checkoutprocess" name="ClickOnbook" time="41.387"/>
  <system-out/>
</testsuite> <!-- tests.Checkoutprocess -->
