<?xml version="1.0" encoding="UTF-8"?>
<!-- Generated by org.testng.reporters.JUnitReportReporter -->
<testsuite hostname="DESKTOP-PLB89U6" failures="0" tests="1" name="tests.Shippingprocess" time="18.470" errors="0" timestamp="2022-10-28T19:47:18 BDT" skipped="0">
  <testcase classname="tests.Shippingprocess" name="shippinginfo" time="18.470"/>
  <system-out/>
</testsuite> <!-- tests.Shippingprocess -->
